[  0000000] Initializing cgroup subsys cpuset
[    0.000000] Initializing cgroup subsys cpu
[    00000 Initalizing cgoususys cpuacct[   0.000] inx versio 44.-2-genri (ildd@lgw1-1) gcc version5.3.1 20160413 (Ubuntu 5.3.-14buntu.1 ) #43-unu SMPWed Jun  19:27:37 UTC 2016 (Ubuntu 4.4.0-24.43-generic 4.4.10)
[    0.000000] Command line: BOOT_IMAGE=/boot/vmlinuz-4.4.0-24-generic root=UUID=6334eb5c-9136-4f3e-aabf-951b8313ca0d ro console=tty1 console=ttyS0
[    0.000000] KERNEL supported cpus:
[    0.000000]   Intel GenuineIntel
[    0.000000]   AMD AuthenticAMD
[    0.000000]   Centaur CentaurHauls
[    0.000000] x86/fpu: xstae_fset[2:  56,xsate_ze[2]: 256
[    0.00000] x86/fpu: Supporting XSAVE feature 0x01: 'x87 floating point registers'
[    0.000000] x86/fpu:uprtiing XAVE fatur 0x02: 'SSE registers'
[    0.000000] x86/fpu: Supporting XSAVE feature 0x04: 'AVX registers'
[    0.000000] x86/fpu: Enabled xstate features 0x7, context size is 832 bytes, using 'standard' format.
[    0.000000] 86/fp: sig lazy' FPU contxtswchs.
   0.0000] e8: BIS-rovided physical RAM map:
[    0.000000] BIOS-e820: [mem 0x0000000000000000-0x000000000009fbff] usable
[    0.000000] BIOS-e820: [mem 0x000000000009fc00-0x000000000009ffff] reserved
[    0.000000] BIOS-e820: [mem 0x00000000000f0000-0x00000000000fffff] reserved
[    0.000000] BIOS-e820: [mem 0x0000000000100000-0x00000000dffeffff] usable
[    0.000000] BIOS-e820: [mem 0x00000000dfff0000-0x00000000dfffffff] ACPI data
[    0.000000] BIOS-e820: [mem 0x00000000fffc0000-0x00000000ffffffff] reserved
[    0.000000] BIOSe820: me 0000000010000000-0x00000011f3fffff] usabe[   0.00000] NX ExcuteDibl) potection:aciv
[   0.000000 SBIS .5presnt
[   0.0000 Hypervisor detected: KVM
[    0.000000] e820: last_pfn = 0x11f40 max_archpf =0x40000000    0000000] x86/PAT: Configuration [0-7]: WB  WC  UC- UC  WB  WC  UC- WT  
[    0.000000] MTRR: Disabled
[    0.000000] CPU MTRRs all blank - virtualized system.
[    0.000000] e820: last_pfn = 0xdfff0 max_arch_pfn = 0x400000000
[    0.000000] found SMP MP-table at [mem 0x0009fff0-0x0009ffff] mapped at [ffff88000009fff0]
[    0.000000] Scanning 1 areas for low memory corruption
[    0.000000] RAMDISK: [mem 0x36b1c000-0x37585fff
[   0.0000]ACPI: Early table checksum verification disable
[    0.0000 API RSDP 0x0000000E000 000024 (v02 VBOX  )
[    0.0000]AC: XSDT0x00000DFFF00 000C (v01 VBOX   BOXXSDT 00001 AS  000001)
[   0.00000 API FACP 0x0000000DFF000 00F4 04 BOX  VBOFAP 00001 ASL  00000061)
[    .000] CPI:DST 0x00000000DFFF047 002106 (v01 VBOX   VBOXBIOS 00000002 INTL 20100528)
[    0.000000] ACPI: FACS 0x00000000DFFF0200 000040
[    000000]AC: FACS 0x00000000FF0200 000040
[    0.000000] ACPI: APIC 0x00000000DFFF0240 00000C 02VBOX   VBOXAPIC000001 SL 0000006)
[    0.00000] CPI: SST 0000000DFFFA0 0001CC v0 VBOX   VBOXCPUT 00000002 INTL 20100528)
[    0.000000] No NA onfiguation found[   .000000] Fakinga nde at [emx0000000000000000-0x000000011f3fffff]
[    0.000000] NODE_DATA(0) allocated [mem 0x11f3f9000-0x11f3fdfff]
[    0.000000] kvm-clock: Using msrs 4b564d01 and 4b564d00
[    0.00000] vm-clck: cpu 0 msr 11ff501 primarycpu clock
[    0.000000] kvm-clock: using sched offset of 3129136426 cycles
[    0.000000] clocksource: kvm-clock: mask: 0xffffffffffff mx_cyces 0x1cd42e4dfb,max_ide_s:881590591483 s
[   00000]Zone ranges:
[   0.0000]   DMA      [mem 0x0000000000001000-0x0000000000ffffff]
[    0.000000]   DMA32    [em0x000000010000-000000000fffffff]
[    0.00000]  oral  [mem 0x0000000100000000-0x000000011f3fffff]
[    0.000000]   Device   emty
[   000000] Movable zone start for each node
[    0.00000] rl memorynod rngs
[   0.00000]   nod  0: [mm 0x00000000000010-0x00000000009fff]
  0.000000]   node   0: [mem 0x000000010000-0x000000fefff]
[    0.0000] nod  0:[me 0000000100000000-0x000000011f3fffff]
[    0.000000] Initmem setup node 0 [mem 0x0000000000001000-0x000000011f3fffff]
[    0.000000] ACPI: PM-Timer IO Port: 0x4008
[    0.000000] IOAPIC[0]: apic_id 2, version 17, address 0xfec00000, GSI 0-23
[    0.000000]ACPI IT_SRC_OVR (us0 usirq 0glbal_rq dfldf
[   .00000] CP: INT_SRC_OVR bus 0 bus_irq 9glba_ir 9 high level)
[    0.000000]Usin ACI (MDT) r P cofiguratonnfrmation
[    0.000000] smpbot:Allowing  CPUs, 0 hotplug CPUs
[    0.000000] PM: Registered nosave memory: [mem 0x00000000-0x00000fff]
[    0.000000] PM: Registered nosave memory: [mem 0x0009f000-0x0009ffff]
[    0.000000] PM: Registered nosave memory: [mem 0x000a0000-0x000effff]
[    0.000000] PM:Reisted nosave memoy: [me 0x000f000-000ffff]
[    0.00000] M: Registerednoave mmoy:[me 0xdff000xdfffff]
[   0.000000] PM:Registered nsave memoy:me 0xe000000-0xfffff]
[   0.0000 PM: Regteednoave memory: [emxffc000-xffffff][    0.000000] e820: [mem 0xe0000000-0xfffbffff] available for PCI devices
[    0.000000] Booting paravirtualized kernel on KVM
[    0.000000] clocksource: refined-jiffies: mask: 0xffffffff max_cycles: 0xffffffff, max_idle_ns: 7645519600211568 ns
[    0.000000] setup_percpu: NR_CPUS:256 nr_cpumask_bits:256 nr_cpu_ids:2 nr_node_ids:1
[    0.000000] PERCPU: Embedded 33 pages/cpu @ffff88011f000000 s98008 r8192 d28968 u1048576
[    0.000000] PV qspinlock hash table entries: 256 (order: 0, 4096 bytes)
[    0.000000] Built 1 zonelists in Node order, mobility grouping on.  Total pages: 1029033
[    0.000000] Policy zone: Normal
[    0.000000] Kernel command line: BOOT_IMAGE=/boot/vmlinuz-4.4.0-24-generic root=UUID=6334eb5c-9136-4f3e-aabf-951b8313ca0d ro console=ty conole=ttyS0
[    0.000] D hashtable ntries: 4096 orr: 3 3768 ytes)
[    0000] Memry 4202K/411560K available (8361K erel code, 1278K rwdata, 3920K rodata, 1480K init, 1292K bss, 161348K reerved, 0Kcm-rserve)
[   0.0000] SLUB: HWalign=64, Order=0-3, MinObjects=0, CPUs=2, Nodes=1
[    0.000000] Hierarchical RCU implementation.
[    0.000000] 	Build-time adjustment of leaf fanout t 64.
[   .00000]	RU restictng PUs rom NR_CPUS=256tonrpu_ids=2.
[    0.0000]RC: Adjusingemetry for rcu_ant_eaf=64,nrcpu_ds
[    000000 NRIRQS:16640 nr_irqs:440 
[   0.00000] Consoe: colour VGA+ 0x5[   00000] conole [y1 eabled
[   0.000000]cosoe [ty0] enbld
[   0.000000] tsc: Detected 2793.532 MHz processor
[    6.689759] Calibrating delay loop (skipped) preset value.. 5587.06 BogoMIPS (lpj=11174128)
[    6.750245] pid_max: default: 32768 minimum: 301
[    6.751026] ACPI: Core revision 20150930
[    6.793869] ACPI: 2 ACPI AML tables successfully acquired and loaded
[    6.853942] Security Framework initialized
[    6.893482] Yama: becoming mindful.
[    6.921128] AppArmor: AppArmor initialized
[    6.943311] Dentry cache hash table entries: 524288 (order: 10, 4194304 bytes)
[    6.965932] Inode-cache hash table entries: 262144 (order: 9, 2097152 bytes)
[    7.010570] Mount-cache hash table entries: 8192 (order: 4, 65536 bytes)
[    7.071123] Mountpoint-cache hash table entries: 8192 (order: 4, 65536 bytes)
[    7.110245] Initializing cgroup subsys io
[    7.141380] Initializing cgroup subsys memory
[    7.168889] Initializing cgroup subsys devices
[    7.197236] Initializing cgroup subsys freezer
[    7.211097] Initializing cgroup subsys net_cls
[    7.265586] Initializing cgroup subsys perf_event
[    7.321687] Initializing cgroup subsys net_prio
[    7.361403] Initializing cgroup subsys hugetlb
[    7.399035] Initializing cgroup subsys pids
[    7.422212] CPU: Physical Processor ID: 0
[    7.423014] CPU: Processor Core ID: 0
[    7.458634] mce: CPU supports 0 MCE banks
[    7.466137] Last level iTLB entries: 4KB 1024, 2MB 1024, 4MB 1024
[    7.467072] Last level dTLB entries: 4KB 1024, 2MB 1024, 4MB 1024, 1GB 4
[    7.479021] Freeing SMP alternatives memory: 28K (ffffffff820b3000 - ffffffff820ba000)
[    7.588934] ftrace: allocating 31907 entries in 125 pages
[    7.626607] smpboot: Max logical packages: 1
[    7.674851] smpboot: APIC(0) Converting physical 0 to logical package 0
[    7.758579] ..TIMER: vector=0x30 apic1=0 pin1=2 apic2=-1 pin2=-1
[    7.901155] smpboot: CPU0: Intel(R) Core(TM) i7-4980HQ CPU @ 2.80GHz (family: 0x6, model: 0x46, stepping: 0x1)
[    7.918440] Performance Events: unsupported p6 CPU model 70 no PMU driver, software events only.
[    8.003079] KVM setup paravirtual spinlock
[    8.005448] x86: Booting SMP configuration:
[    8.006142] .... node  #0, CPUs:      #1
[    8.006910] kvm-clock: cpu 1, msr 1:1f3f5041, secondary cpu clock
[    8.033731] mce: CPU supports 0 MCE banks
[    8.055220] x86: Booted up 1 node, 2 CPUs
[    8.072062] smpboot: Total of 2 processors activated (11174.12 BogoMIPS)
[    8.115274] devtmpfs: initialized
[    8.123517] evm: security.selinux
[    8.146069] evm: security.SMACK64
[    8.173528] evm: security.SMACK64EXEC
[    8.183772] evm: security.SMACK64TRANSMUTE
[    8.184453] evm: security.SMACK64MMAP
[    8.185384] evm: security.ima
[    8.212221] evm: security.capability
[    8.245493] clocksource: jiffies: mask: 0xffffffff max_cycles: 0xffffffff, max_idle_ns: 7645041785100000 ns
[    8.288915] pinctrl core: initialized pinctrl subsystem
[    8.291098] RTC time: 23:13:26, date: 06/23/16
[    8.293287] NET: Registered protocol family 16
[    8.348911] cpuidle: using governor ladder
[    8.373544] cpuidle: using governor menu
[    8.394883] PCCT header not found.
[    8.396738] ACPI: bus type PCI registered
[    8.402442] acpiphp: ACPI Hot Plug PCI Controller Driver version: 0.5
[    8.425517] PCI: Using configuration type 1 for base access
[    8.470427] ACPI: Added _OSI(Module Device)
[    8.515770] ACPI: Added _OSI(Processor Device)
[    8.535291] ACPI: Added _OSI(3.0 _SCP Extensions)
[    8.579923] ACPI: Added _OSI(Processor Aggregator Device)
[    8.581358] ACPI: Executed 1 blocks of module-level executable AML code
[    8.583850] ACPI: Interpreter enabled
[    8.585183] ACPI Exception: AE_NOT_FOUND, While evaluating Sleep State [\_S1_] (20150930/hwxface-580)
[    8.622371] ACPI Exception: AE_NOT_FOUND, While evaluating Sleep State [\_S2_] (20150930/hwxface-580)
[    8.633654] ACPI Exception: AE_NOT_FOUND, While evaluating Sleep State [\_S3_] (20150930/hwxface-580)
[    8.635198] ACPI Exception: AE_NOT_FOUND, While evaluating Sleep State [\_S4_] (20150930/hwxface-580)
[    8.636844] ACPI: (supports S0 S5)
[    8.658660] ACPI: Using IOAPIC for interrupt routing
[    8.708328] PCI: Using host bridge windows from ACPI; if necessary, use "pci=nocrs" and report a bug
[    8.765502] ACPI: PCI Root Bridge [PCI0] (domain 0000 [bus 00-ff])
[    8.814146] acpi PNP0A03:00: _OSC: OS supports [ASPM ClockPM Segments MSI]
[    8.830465] acpi PNP0A03:00: _OSC failed (AE_NOT_FOUND); disabling ASPM
[    8.851889] acpi PNP0A03:00: fail to add MMCONFIG information, can't access extended PCI configuration space under this bridge.
[    8.931348] PCI host bridge to bus 0000:00
[    8.959569] pci_bus 0000:00: root bus resource [io  0x0000-0x0cf7 window]
[    9.030272] pci_bus 0000:00: root bus resource [io  0x0d00-0xffff window]
[    9.080108] pci_bus 0000:00: root bus resource [mem 0x000a0000-0x000bffff window]
[    9.112375] pci_bus 0000:00: root bus resource [mem 0xe0000000-0xffdfffff window]
[    9.170494] pci_bus 0000:00: root bus resource [bus 00-ff]
[    9.183432] pci 0000:00:01.1: legacy IDE quirk: reg 0x10: [io  0x01f0-0x01f7]
[    9.235666] pci 0000:00:01.1: legacy IDE quirk: reg 0x14: [io  0x03f6]
[    9.241611] pci 0000:00:01.1: legacy IDE quirk: reg 0x18: [io  0x0170-0x0177]
[    9.242658] pci 0000:00:01.1: legacy IDE quirk: reg 0x1c: [io  0x0376]
[    9.285429] ACPI: PCI Interrupt Link [LNKA] (IRQs 5 9 10 11) *0, disabled.
[    9.317915] ACPI: PCI Interrupt Link [LNKB] (IRQs 5 9 10 *11)
[    9.347205] ACPI: PCI Interrupt Link [LNKC] (IRQs 5 9 *10 11)
[    9.356784] ACPI: PCI Interrupt Link [LNKD] (IRQs 5 *9 10 11)
[    9.377573] ACPI: Enabled 2 GPEs in block 00 to 07
[    9.400833] vgaarb: setting as boot device: PCI:0000:00:02.0
[    9.431461] vgaarb: device added: PCI:0000:00:02.0,decodes=io+mem,owns=io+mem,locks=none
[    9.460265] vgaarb: loaded
[    9.460859] vgaarb: bridge control possible 0000:00:02.0
[    9.480499] SCSI subsystem initialized
[    9.502320] ACPI: bus type USB registered
[    9.525361] usbcore: registered new interface driver usbfs
[    9.555984] usbcore: registered new interface driver hub
[    9.560003] usbcore: registered new device driver usb
[    9.606481] PCI: Using ACPI for IRQ routing
[    9.623830] NetLabel: Initializing
[    9.636385] NetLabel:  domain hash size = 128
[    9.642326] NetLabel:  protocols = UNLABELED CIPSOv4
[    9.667667] NetLabel:  unlabeled traffic allowed by default
[    9.672223] clocksource: Switched to clocksource kvm-clock
[    9.0014]ApAror: ApArr ilsyemEnabled
[  0.54] np: nPCP init
[ 10753] pn: PnP ACPI: found3 evce
[   10.528215] clocksource: acpi_pm: mask: 0xffffff max_cycles: 0xffffff, max_idle_ns: 2085701024 ns
[   10.562000] NET: Registered protocol family 2
[   10.578042] TCP established hash table entries: 32768 (order: 6, 262144 bytes)
[   10.593213] TCP bind hash table entries: 32768 (order: 7, 524288 bytes)
[   10.605254] TCP: Hash tables configured (established 32768 bind 32768)
[   10.626274] UDP hash table entries: 2048 (order: 4, 65536 bytes)
[   10.655553] UDP-Lite hash table entries: 2048 (order: 4, 65536 bytes)
[   10.674871] NET: Registered protocol family 1
[   10.686964] pci 0000:00:00.0: Limiting direct PCI/PCI transfers
[   10.721188] pci 0000:00:01.0: Activating ISA DMA hang workarounds
[   10.722387] Trying to unpack rootfs image as initramfs...
[   10.888794] Freeing initrd memory: 10664K (ffff880036b1c000 - ffff880037586000)
[   10.960071] PCI-DMA: Using software bounce buffering for IO (SWIOTLB)
[   11.008656] software IO TLB [mem 0xdbff0000-0xdfff0000] (64MB) mapped at [ffff8800dbff0000-ffff8800dffeffff]
[   11.025106] platform rtc_cmos: registered platform RTC device (no PNP device found)
[   11.050116] Scanning for low memory corruption every 60 seconds
[   11.103464] futex hash table entries: 512 (order: 3, 32768 bytes)
[   11.131660] audit: initializing netlink subsys (disabled)
[   11.133646] audit: type=2000 audit(1466723605.040:1): initialized
[   11.134788] Initialise system trusted keyring
[   11.135748] HugeTLB registered 2 MB page size, pre-allocated 0 pages
[   11.150244] zbud: loaded
[   11.172595] VFS: Disk quotas dquot_6.6.0
[   11.187159] VFS: Dquot-cache hash table entries: 512 (order 0, 4096 bytes)
[   11.209586] fuse init (API version 7.23)
[   11.227136] Key type big_key registered
[   11.227818] Allocating IMA MOK and blacklist keyrings.
[   11.255085] Key type asymmetric registered
[   11.274558] Asymmetric key parser 'x509' registered
[   11.295591] Block layer SCSI generic (bsg) driver version 0.4 loaded (major 249)
[   11.299647] io scheduler noop registered
[   11.308968] io scheduler deadline registered (default)
[   11.309882] io scheduler cfq registered
[   11.310630] pci_hotplug: PCI Hot Plug PCI Core version: 0.5
[   11.332283] pciehp: PCI Express Hot Plug Controller Driver version: 0.4
[   11.371528] ACPI: AC Adapter [AC] (on-line)
[   11.380282] input: Power Button as /devices/LNXSYSTM:00/LNXPWRBN:00/input/input0
[   11.393621] ACPI: Power Button [PWRF]
[   11.411428] input: Sleep Button as /devices/LNXSYSTM:00/LNXSLPBN:00/input/input1
[   11.412725] ACPI: Sleep Button [SLPF]
[   11.420674] GHES: HEST is not enabled!
[   11.421493] ACPI: Battery Slot [BAT0] (battery present)
[   11.477162] Serial: 8250/16550 driver, 32 ports, IRQ sharing enabled
[   11.527200] 00:02: ttyS0 at I/O 0x3f8 (irq = 4, base_baud = 115200) is a 16550A
[   11.562667] Linux agpgart interface v0.103
[   11.580822] brd: module loaded
[   11.595434] loop: module loaded
[   11.606277] scsi host0: ata_piix
[   11.619002] scsi host1: ata_piix
[   11.635990] ata1: PATA max UDMA/33 cmd 0x1f0 ctl 0x3f6 bmdma 0xd000 irq 14
[   11.661750] ata2: PATA max UDMA/33 cmd 0x170 ctl 0x376 bmdma 0xd008 irq 15
[   11.681674] libphy: Fixed MDIO Bus: probed
[   11.693724] tun: Universal TUN/TAP device driver, 1.6
[   11.720497] tun: (C) 1999-2004 Max Krasnyansky <maxk@qualcomm.com>
[   11.746012] PPP generic driver version 2.4.2
[   11.757926] ehci_hcd: USB 2.0 'Enhanced' Host Controller (EHCI) Driver
[   11.810713] ehci-pci: EHCI PCI platform driver
[   11.825384] ehci-platform: EHCI generic platform driver
[   11.834997] ohci_hcd: USB 1.1 'Open' Host Controller (OHCI) Driver
[   11.849823] ohci-pci: OHCI PCI platform driver
[   11.852163] ohci-platform: OHCI generic platform driver
[   11.860504] uhci_hcd: USB Universal Host Controller Interface driver
[   11.868457] i8042: PNP: PS/2 Controller [PNP0303:PS2K,PNP0f03:PS2M] at 0x60,0x64 irq 1,12
[   11.918028] serio: i8042 KBD port at 0x60,0x64 irq 1
[   11.931496] serio: i8042 AUX port at 0x60,0x64 irq 12
[   11.946135] mousedev: PS/2 mouse device common for all mice
[   11.950881] rtc_cmos rtc_cmos: rtc core: registered rtc_cmos as rtc0
[   11.952147] input: AT Translated Set 2 keyboard as /devices/platform/i8042/serio0/input/input2
[   11.991729] rtc_cmos rtc_cmos: alarms up to one day, 114 bytes nvram
[   12.011417] i2c /dev entries driver
[   12.019480] device-mappr:ueen: vesin .0.3
[   12.218166] tsc: Refined TSC clocksource calibration: 2793.764 MHz
[   12.219123] clocksource: tsc: mask: 0xffffffffffffffff max_cycles: 0x28453dda12d, max_idle_ns: 440795212528 ns
[   12.220773] device-mapper: ioctl: 4.34.0-ioctl (2015-10-28) initialised: dm-devel@redhat.com
[   12.249315] ledtrig-cpu: registered to indicate activity on CPUs
[   12.288213] NET: Registered protocol family 10
[   12.310413] NET: Registered protocol family 17
[   12.311178] Key type dns_resolver registered
[   12.354035] microcode: CPU0 sig=0x40661, pf=0x40, revision=0x0
[   12.374408] microcode: CPU1 sig=0x40661, pf=0x40, revision=0x0
[   12.385989] microcode: Microcode Update Driver: v2.01 <tigran@aivazian.fsnet.co.uk>, Peter Oruba
[   12.489452] registered taskstats version 1
[   12.502435] Loading compiled-in X.509 certificates
[   12.511627] Loaded X.509 cert 'Build time autogenerated kernel key: 73e2b8be326740e2e7feadd5601517c5df343108'
[   12.631688] zswap: loaded using pool lzo/zbud
[   12.763237] Key type trusted registered
[   12.869958] Key type encrypted registered
[   12.894638] AppArmor: AppArmor sha1 policy hashing enabled
[   12.931241] ima: No TPM chip found, activating TPM-bypass!
[   12.977067] evm: HMAC attrs: 0x1
[   12.981534]   Magic number: 4:338:252
[   12.991367] rtc_cmos rtc_cmos: setting system clock to 2016-06-23 23:13:31 UTC (1466723611)
[   12.992950] BIOS EDD facility v0.16 2004-Jun-25, 0 devices found
[   13.031745] EDD information not available.
[   13.034974] Freeing unused kernel memory: 1480K (ffffffff81f41000 - ffffffff820b3000)
[   13.049665] Write protecting the kernel read-only data: 14336k
[   13.067572] Freeing unused kernel memory: 1868K (ffff88000182d000 - ffff880001a00000)
[   13.074167] Freeing unused kernel memory: 176K (ffff880001dd4000 - ffff880001e00000)
Loading, please [   13.086828] random: systemd-udevd urandom read with 3 bits of entropy available
wait...
starting version 229
[   13.106879] Fusion MPT base driver 3.04.20
[   13.124687] Copyright (c) 1999-2008 LSI Corporation
[   13.158559] e1000: Intel(R) PRO/1000 Network Driver - version 7.3.21-k8-NAPI
[   13.190712] e1000: Copyright (c) 1999-2006 Intel Corporation.
[   13.258233] Fusion MPT SPI Host driver 3.04.20
[   13.297837] mptbase: ioc0: Initiating bringup
[   13.338069] AVX version of gcm_enc/dec engaged.
[   13.342579] AES CTR mode by8 optimization enabled
[   13.420834] ioc0: LSI53C1030 A0: Capabilities={Initiator}
[   13.502728] input: ImExPS/2 Generic Explorer Mouse as /devices/platform/i8042/serio1/input/input4
[   14.058025] scsi host2: ioc0: LSI53C1030 A0, FwRev=00000000h, Ports=1, MaxQ=256, IRQ=20
[   14.221415] scsi 2:0:0:0: Direct-Access     VBOX     HARDDISK         1.0  PQ: 0 ANSI: 5
[   14.281465] scsi target2:0:0: Beginning Domain Validation
[   14.283431] scsi target2:0:0: Domain Validation skipping write tests
[   14.325187] scsi target2:0:0: Ending Domain Validation
[   14.328481] scsi target2:0:0: asynchronous
[   14.330205] scsi 2:0:1:0: Direct-Access     VBOX     HARDDISK         1.0  PQ: 0 ANSI: 5
[   14.366303] scsi target2:0:1: Beginning Domain Validation
[   14.391519] scsi target2:0:1: Domain Validation skipping write tests
[   14.408015] scsi target2:0:1: Ending Domain Validation
[   14.409152] scsi target2:0:1: asynchronous
[   14.504964] sd 2:0:0:0: Attached scsi generic sg0 type 0
[   14.509422] sd 2:0:0:0: [sda] 20971520 512-byte logical blocks: (10.7 GB/10.0 GiB)
[   14.519172] sd 2:0:0:0: [sda] Write Protect is off
[   14.523958] sd 2:0:0:0: [sda] Incomplete mode parameter data
[   14.523959] sd 2:0:0:0: [sda] Assuming drive cache: write through
[   14.547372]  sda: sda1
[   14.552844] sd 2:0:0:0: [sda] Attached SCSI disk
[   14.572507] sd 2:0:1:0: Attached scsi generic sg1 type 0
[   14.573592] sd 2:0:1:0: [sdb] 20480 512-byte logical blocks: (10.5 MB/10.0 MiB)
[   14.573833] sd 2:0:1:0: [sdb] Write Protect is off
[   14.574010] sd 2:0:1:0: [sdb] Incomplete mode parameter data
[   14.574011] sd 2:0:1:0: [sdb] Assuming drive cache: write through
[   14.650448] sd 2:0:1:0: [sdb] Attached SCSI disk
[   14.685149] e1000 0000:00:03.0 eth0: (PCI:33MHz:32-bit) 02:27:53:60:41:f1
[   14.685153] e1000 0000:00:03.0 eth0: Intel(R) PRO/1000 Network Connection
[   14.723820] e1000 0000:00:03.0 enp0s3: renamed from eth0
[   16.380890] floppy0: no floppy controllers found
Begin: Loading e[   18.506037] md: linear personality registered for level -1
ssential drivers[   18.569182] md: multipath personality registered for level -4
 ... [   18.585094] md: raid0 personality registered for level 0
[   18.641292] md: raid1 personality registered for level 1
[   18.732318] raid6: sse2x1   gen() 10620 MB/s
[   18.816296] raid6: sse2x1   xor()  8333 MB/s
[   18.904287] raid6: sse2x2   gen() 13447 MB/s
[   19.020400] raid6: sse2x2   xor()  8533 MB/s
[   19.128395] raid6: sse2x4   gen() 15403 MB/s
[   19.228345] raid6: sse2x4   xor() 10563 MB/s
[   19.266120] raid6: using algorithm sse2x4 gen() 15403 MB/s
[   19.318212] raid6: .... xor() 10563 MB/s, rmw enabled
[   19.354304] raid6: using ssse3x2 recovery algorithm
[   19.403970] xor: automatically using best checksumming function:
[   19.460455]    avx       : 20614.000 MB/sec
[   19.484637] async_tx: api initialized (async)
[   19.521837] md: raid6 personality registered for level 6
[   19.580852] md: raid5 personality registered for level 5
[   19.628996] md: raid4 personality registered for level 4
[   19.665038] md: raid10 personality registered for level 10
done.
Begin: Running /scripts/init-premount ... done[   19.718190] Btrfs loaded
.
Begin: Mounting root file system ... Begin: Running /scripts/local-top ... do[   19.780547] EXT4-fs (sda1): INFO: recovery required on readonly filesystem
ne.
Begin: Running /scripts/local-premount ... [   19.797468] EXT4-fs (sda1): write access will be enabled during recovery
Scanning for Btrfs filesystems
done.
Warning: fsck not present, so skipping root file system
[   19.999826] EXT4-fs (sda1): orphan cleanup on readonly fs
[   20.929652] EXT4-fs (sda1): 7 orphan inodes deleted
[   21.725784] EXT4-fs (sda1): recovery complete
[   21.766857] EXT4-fs (sda1): mounted filesystem with ordered data mode. Opts: (null)
done.
Begin: Running /scripts/local-bottom ... done.
Begin: Running /scripts/init-bottom ... Warning: overlayroot: debug is busted
done.
[   21.857016] systemd[1]: systemd 229 running in system mode. (+PAM +AUDIT +SELINUX +IMA +APPARMOR +SMACK +SYSVINIT +UTMP +LIBCRYPTSETUP +GCRYPT +GNUTLS +ACL +XZ -LZ4 +SECCOMP +BLKID +ELFUTILS +KMOD -IDN)
[   21.993786] systemd[1]: Detected virtualization oracle.
[   22.044933] systemd[1]: Detected architecture x86-64.

Welcome to [1mUbuntu 16.04 LTS[0m!

[   22.100433] systemd[1]: Set hostname to <ubuntu-xenial>.
[   22.242076] systemd[1]: Listening on Device-mapper event daemon FIFOs.
[[0;32m  OK  [0m] Listening on Device-mapper event daemon FIFOs.
[   22.309278 sysem1] Lstening onLV2 etdaa daon socket.

[[0;32m  OK  [0m] Listening on LVM2 metadata daemon socket.
[   22.691131] systemd[1]: Reached target Swap.
[[0;32m  OK  [0m] Reached target Swap.
[   22.715456] systemd[1]: Started Forward Password Requests to Wall Directory Watch.
[[0;32m  OK  [0m] Started Forward Password Requests to Wall Directory Watch.
[   22.9132] systemd[1]:Listening o Journal Socket.

[[0;32m  OK  [0m] Listening on Journal Socket.
[   22.914102] systemd[1]: Listening on LVM2 poll daemon socket.
[[0;32m  OK  [0m] Listening on LVM2 poll daemon socket.
[   22.930143] systemd[1]: Reached target User and Group Name Lookups.
[[0;32m  OK  [0m] Reached target User and Group Name Lookups.
[   22.932384] systemd[1]: Listening on udev Kernel Socket.
[[0;32m  OK  [0m] Listening on udev Kernel Socket.
[   22.934439] systemd[1]: Set up automount Arbitrary Executable File Formats File System Automount Point.
[[0;32m  OK  [0m] Set up automount Arbitrary Executab...ats File System Automount Point.
[  23.01821]ystmd[1]: Created slice Useand Ssio Sce.

[[0;32m  OK  [0m] Created slice User and Session Slice.
[   23.365438] systemd[1]: Listening on Journal Socket (/dev/log).
[[0;32m  OK  [0m] Listening on Journal Socket (/dev/log).
[   23.373425] systemd[1]: Created slice System Slice.
[[0;32m  OK  [0m] Created slice System Slice.
[   23.448664] systemd[1]: Mounting POSIX Message Queue File System...
[   23.466884] random: nonblocking pool is initialized
         Mounting POSIX Message Queue File System...
[   23.487955] systemd[1]: Created slice system-serial\x2dgetty.slice.
[[0;32m  OK  [0m] Created slice system-serial\x2dgetty.slice.
[   23.580607] systemd[1]: Starting Uncomplicated firewall...
         Starting Uncomplicated firewall...
[   23.630459] systemd[1]: Starting Nameserver information manager...
         Starting Nameserver information manager...
[   23.677665] systemd[1]: Starting Load Kernel Modules...
         Starting Load Ke[   23.711708] Loading iSCSI transport class v2.0-870.
rnel Modules...
[   23.739476] systemd[1]: Starting Monitoring of LVM2 mirrors, snapshots etc. using dmeventd or progress polling...
         Starting Monitor[   23.766784] iscsi: registered transport (tcp)
ing of LVM2 mirrors... dmeventd or progress poll[   23.807022] iscsi: registered transport (iser)
ing...
[   23.880502] systemd[1]: Starting Remount Root and Kernel File Systems...
         [   23.917770] EXT4-fs (sda1): re-mounted. Opts: (null)
Starting Remount Root and Kernel File Systems...
[   23.982328] systemd[1]: Reached target Encrypted Volumes.
[[0;32m  OK  [0m] Reached target Encrypted Volumes.
[ 24.00504] sytemd[1]: isening ondev ContolSoke
[[0;32m  OK  [0m] Listening on udev Control Socket.
[  24.891574] sstmd1]: Litein oJornl AuitSocke
[[0;32m  OK  [0m] Listening on Journal Audit Socket.
[   25.3055] ysmd[1: Litein on /dev/iitl CopatiiltyNad ip

[[0;32m  OK  [0m] Listening on /dev/initctl Compatibility Named Pipe.
[   25.852546] systemd[1]: Mounting Debug File System...
         Mounting Debug File System...
[   25.936754] systemd[1]: Mounting Huge Pages File System...
         Mounting Huge Pages File System...
[ 26016881] systemd[1]: Listenngon Syslog Socket.
[[0;32m  OK  [0m] Listening on Syslog Socket.
[   26.192677] systemd[1]: Starting Journal Service...
         Starting Journal Service...
[   26.211389] systemd[1]: Created slice system-getty.slice.
[[0;32m  OK  [0m] Created slice system-getty.slice.
[   26.216069] systemd[1]: Starting Create list of required static device nodes for the current kernel...
         Starting Create list of required st... nodes for the current kernel...
[   26.271288] systemd1]Rehe taret Sic.
[[0;32m  OK  [0m] Reached target Slices.
[   26.614244] systemd[1]: Mounted Huge Pages File System.
[[0;32m  OK  [0m] Mounted Huge Pages File System.
[   26.630278] systemd[1]: Mounted POSIX Message Queue File System.
[[0;32m  OK  [0m] Mounted POSIX Message Queue File System.
[   26.655957] systemd[1]: Mounted Debug File System.
[[0;32m  OK  [0m] Mounted Debug File System.
[   26.679929] systemd[1]: Started Journal Service.
[[0;32m  OK  [0m] Started Journal Service.
[[0;32m  OK  [0m] Started Uncomplicated firewall.
[[0;32m  OK  [0m] Started Load Kernel Modules.
[[0;32m  OK  [0m] Started Remount Root and Kernel File Systems.
[[0;32m  OK  [0m] Started Create list of required sta...ce nodes for the current kernel.
[[0;32m  OK  [0m] Started Nameserver information manager.
[[0;32m  OK  [0m] Started LVM2 metadata daemon.
         Starting Create Static Device Nodes in /dev...
         Starting Load/Save Random Seed...
         Starting udev Coldplug all Devices...
         Mounting FUSE Control File System...
         Starting Apply Kernel Variables...
         Starting Flush Journal to Persistent Storage...
[[0;32m  OK  [0m] Mounted FUSE Control File System.
[[0;32m  OK  [0m] Started Create Static Device Nodes in /dev.
[[0;32m  OK  [0m] Started Load/Save Random Seed.
[[0;32m  OK  [0m] Started Monitoring of LVM2 mirrors,...ng dmeventd or progress polling.
[[0;32m  OK  [0m] Started Apply Kernel Variables.
[[0;32m  OK  [0m] Started udev Coldplug all Devices.
[[0;32m  OK  [0m] Started Flush Journal to Persistent Storage.
         Starting udev Kernel Device Manager...
[[0;32m  OK  [0m] Started udev Kernel Device Manager.
[[0;32m  OK  [0m] Started Dispatch Password Requests to Console Directory Watch.
[[0;32m  OK  [0m] Reached target Local File Systems (Pre).
[[0;32m  OK  [0m] Reached target Local File Systems.
         Starting LSB: AppArmor initialization...
         Starting Initial cloud-init job (pre-networking)...
         Starting Tell Plymouth To Write Out Runtime Data...
         Starting Set console keymap...
         Starting Create Volatile Files and Directories...
[[0;32m  OK  [0m] Started Tell Plymouth To Write Out Runtime Data.
[[0;32m  OK  [0m] Started Set console keymap.
[[0;32m  OK  [0m] Started Create Volatile Files and Directories.
[[0;32m  OK  [0m] Found device /dev/ttyS0.
[[0;32m  OK  [0m] Listening on Load/Save RF Kill Switch Status /dev/rfkill Watch.
         Starting Update UTMP about System Boot/Shutdown...
[[0;32m  OK  [0m] Reached target System Time Synchronized.
[[0;32m  OK  [0m] Started LSB: AppArmor initialization.
[[0;32m  OK  [0m] Started Update UTMP about System Boot/Shutdown.
[[0;32m  OK  [0m] Reached target System Initialization.
[[0;32m  OK  [0m] Started ACPI Events Check.
[   19.457804] [cloud-init[0;32m  OK  [0m[555]: ] Cloud-init v. 0.7.7 running 'init-local' at Thu, 23 Jun 2016 23:13:46 +0000. Up 19.05 seconds.Listening on UUID daemon activation socket.

         Starting LXD - unix socket.
[[0;32m  OK  [0m] Listening on D-Bus System Message Bus Socket.
[[0;32m  OK  [0m] Listening on ACPID Listen Socket.
[[0;32m  OK  [0m] Started Trigger resolvconf update for networkd DNS.
[[0;32m  OK  [0m] Reached target Paths.
[[0;32m  OK  [0m] Started Daily apt activities.
[[0;32m  OK  [0m] Started Daily Cleanup of Temporary Directories.
[[0;32m  OK  [0m] Reached target Timers.
         Starting Socket activation for snappy daemon.
[[0;32m  OK  [0m] Listening on LXD - unix socket.
[[0;32m  OK  [0m] Listening on Socket activation for snappy daemon.
[[0;32m  OK  [0m] Started Initial cloud-init job (pre-networking).
[[0;32m  OK  [0m] Reached target Network (Pre).
         Starting Raise network interfaces...
[[0;32m  OK  [0m] Reached target Sockets.
[[0;32m  OK  [0m] Reached target Basic System.
         Starting LSB: Record successful boot for GRUB...
         Starting vboxadd-x11.service...
[[0;32m  OK  [0m] Started FUSE filesystem for LXC.
[[0;32m  OK  [0m] Started Deferred execution scheduler.
         Starting LSB: MD monitoring daemon...
[[0;32m  OK  [0m] Started ACPI event daemon.
         Starting Login Service...
         Starting vboxadd.service...
[[0;32m  OK  [0m] Started D-Bus System Message Bus.
[[0;32m  OK  [0m] Started Regular background program processing daemon.
         Starting Accounts Service...
         Starting System Logging Service...
         Starting LXD - container startup/shutdown...
[[0;32m  OK  [0m] Started System Logging Service.
[[0;32m  OK  [0m] Started vboxadd-x11.service.
[[0;32m  OK  [0m] Started vboxadd.service.
[[0;1;31mFAILED[0m] Failed to start LXD - container startup/shutdown.
See 'systemctl status lxd-containers.service' for details.
[[0;32m  OK  [0m] Started LSB: Record successful boot for GRUB.
[[0;32m  OK  [0m] Started LSB: MD monitoring daemon.
[[0;32m  OK  [0m] Started Login Service.
         Starting Authenticate and Authorize Users to Run Privileged Tasks...
[[0;32m  OK  [0m] Started ifup for enp0s3.
         Starting vboxadd-service.service...
[[0;32m  OK  [0m] Started vboxadd-service.service.
[[0;32m  OK  [0m] Started Authenticate and Authorize Users to Run Privileged Tasks.
[[0;32m  OK  [0m] Started Accounts Service.
[[0;32m  OK  [0m] Started Raise network interfaces.
         Starting Initial cloud-init job (metadata service crawler)...
[[0;32m  OK  [0m] Reached target Network.
         Starting MySQL Community Server...
[   22.271416] cloud-init[1072]: Cloud-init v. 0.7.7 running 'init' at Thu, 23 Jun 2016 23:13:49 +0000. Up 21.88 seconds.
[[0;32m  OK  [0m] Started Initial cloud-init job (metadata service crawler).
[   22.345455] cloud-init[1072]: ci-info: +++++++++++++++++++++++++++++++++++++Net device info++++++++++++++++++++++++++++++++++++++
[   22.397509] [cloud-init[0;32m  OK  [0m[1072]: ] ci-info: +--------+------+----------------------------+---------------+-------+-------------------+Reached target Network is Online.

[   22.397781] cloud-init[1072]: ci-info: | Device |  Up  |          Address           |      Mask     | Scope |     Hw-Address    |
         Starting /etc/rc.local Compatibility...
[   22.534341] cloud-init[1072]: ci-info: +--------+------+----------------------------+---------------+-------+-------------------+
[   22.576876]          Starting iSCSI initiator daemon (iscsid)...
cloud-init[1072]: ci-info: | enp0s3 | True |         10.0.2.15          | 255.255.255.0 |   .   | 02:27:53:60:41:f1 |
[   22.640492]          cloud-initStarting OpenBSD Secure Shell server...[1072]: 
ci-info: | enp0s3 | True | fe80::27:53ff:fe60:41f1/64 |       .       |  link | 02:27:53:60:41:f1 |
[   22.736966] [cloud-init[0;32m  OK  [0m[1072]: ] ci-info: |   lo   | True |         127.0.0.1          |   255.0.0.0   |   .   |         .         |Reached target Cloud-config availability.

[   22.737300] cloud-init[1072]: ci-info: |   lo   | True |          ::1/128           |       .       |  host |         .         |
[   22.868528] cloud-init[1072]: ci-info: +--------+------+----------------------------+---------------+-------+-------------------+
         Starting Apply the settings specified in cloud-config...
[[0;32m  OK  [0m] Started OpenBSD Secure Shell server.
[[0;32m  OK  [0m] Started MySQL Community Server.
[[0;32m  OK  [0m] Started /etc/rc.local Compatibility.
[   22.921725] cloud-init[1072]: ci-info: +++++++++++++++++++++++++++Route IPv4 info++++++++++++++++++++++++++++
[   23.073014] cloud-init[1072]: ci-info: +-------+-------------+----------+---------------+-----------+-------+
[[0;32m  OK  [0m] Started iSCSI initiator daemon (iscsid).
[   23.116101] cloud-init[1072]: ci-info: | Route | Destination | Gateway  |    Genmask    | Interface | Flags |
[   23.226286] cloud-init[1072]: ci-info: +-------+-------------+----------+---------------+-----------+-------+
         Starting Login to default iSCSI targets...
[[0;32m  OK  [0m] Started Apply the settings specified in cloud-config.
[   23.280560] cloud-init[1072]: ci-info: |   0   |   0.0.0.0   | 10.0.2.2 |    0.0.0.0    |   enp0s3  |   UG  |
[[0;32m  OK  [0m] Started Login to default iSCSI targets.
[   23.344347] cloud-init[1072]: ci-info: |   1   |   10.0.2.0  | 0.0.0.0  | 255.255.255.0 |   enp0s3  |   U   |
[   23.444648] [cloud-init[0;32m  OK  [0m[1072]: ] ci-info: +-------+-------------+----------+---------------+-----------+-------+Reached target Remote File Systems (Pre).

[[0;32m  OK  [0m] Reached target Remote File Systems.
[   23.447369] cloud-init[1173]: Cloud-init v. 0.7.7 running 'modules:config' at Thu, 23 Jun 2016 23:13:50 +0000. Up 23.14 seconds.
         Starting LSB: Apache2 web server...
         Starting LSB: Set the CPU Frequency Scaling governor to "ondemand"...
         Starting Permit User Sessions...
         Starting LSB: automatic crash report generation...
         Starting LSB: daemon to balance interrupts for SMP systems...
         Starting Execute cloud user/final scripts...
[[0;32m  OK  [0m] Started Permit User Sessions.
[[0;32m  OK  [0m] Started LSB: Set the CPU Frequency Scaling governor to "ondemand".
[[0;32m  OK  [0m] Started LSB: automatic crash report generation.
[[0;32m  OK  [0m] Created slice User Slice of ubuntu.
         Starting User Manager for UID 1000...
[[0;32m  OK  [0m] Started Session 1 of user ubuntu.
         Starting Terminate Plymouth Boot Screen...
[   24.094081] cloud-init[1230]: Cloud-init v. 0.7.7 running 'modules:final' at Thu, 23 Jun 2016 23:13:51 +0000. Up 24.03 seconds.
[   24.156622] cloud-init[1230]: Cloud-init v. 0.7.7 finished at Thu, 23 Jun 2016 23:13:51 +0000. Datasource DataSourceNoCloudNet [seed=/dev/sdb][dsmode=net].  Up 24.08 seconds
         Starting Hold until boot process finishes up...
[[0;32m  OK  [0m] Started User Manager for UID 1000.
[[0;32m  OK  [0m] Started LSB: daemon to balance interrupts for SMP systems.
[[0;32m  OK  [0m] Started Execute cloud user/final scripts.
[[0;32m  OK  [0m] Started Terminate Plymouth Boot Screen.
[[0;32m  OK  [0m] Started Hold until boot process finishes up.
[[0;32m  OK  [0m] Started Getty on tty1.
[[0;32m  OK  [0m] Started Serial Getty on ttyS0.
[[0;32m  OK  [0m] Reached target Login Prompts.
[[0;32m  OK  [0m] Reached target Cloud-init target.
[[0;32m  OK  [0m] Started LSB: Apache2 web server.
[[0;32m  OK  [0m] Reached target Multi-User System.
[[0;32m  OK  [0m] Reached target Graphical Interface.
         Starting Update UTMP about System Runlevel Changes...
[[0;32m  OK  [0m] Started Update UTMP about System Runlevel Changes.

Ubuntu 16.04 LTS ubuntu-xenial ttyS0

ubuntu-xenial login: 